
///////////////////////////////////
// Efinity Synthesis Started 
// Feb 26, 2024 14:10:48
///////////////////////////////////

[EFX-0011 VERI-WARNING] parameter 's_IDLE' becomes localparam in 'uart_rx' with formal parameter declaration list (VERI-1199) (E:\intern\project\apb_final\uartrx.v:10)
[EFX-0011 VERI-WARNING] parameter 's_RX_START_BIT' becomes localparam in 'uart_rx' with formal parameter declaration list (VERI-1199) (E:\intern\project\apb_final\uartrx.v:11)
[EFX-0011 VERI-WARNING] parameter 's_RX_DATA_BITS' becomes localparam in 'uart_rx' with formal parameter declaration list (VERI-1199) (E:\intern\project\apb_final\uartrx.v:12)
[EFX-0011 VERI-WARNING] parameter 's_RX_STOP_BIT' becomes localparam in 'uart_rx' with formal parameter declaration list (VERI-1199) (E:\intern\project\apb_final\uartrx.v:13)
[EFX-0011 VERI-WARNING] parameter 's_CLEANUP' becomes localparam in 'uart_rx' with formal parameter declaration list (VERI-1199) (E:\intern\project\apb_final\uartrx.v:14)
[EFX-0011 VERI-WARNING] parameter 's_IDLE' becomes localparam in 'uart_tx' with formal parameter declaration list (VERI-1199) (E:\intern\project\apb_final\uarttx.v:11)
[EFX-0011 VERI-WARNING] parameter 's_TX_START_BIT' becomes localparam in 'uart_tx' with formal parameter declaration list (VERI-1199) (E:\intern\project\apb_final\uarttx.v:12)
[EFX-0011 VERI-WARNING] parameter 's_TX_DATA_BITS' becomes localparam in 'uart_tx' with formal parameter declaration list (VERI-1199) (E:\intern\project\apb_final\uarttx.v:13)
[EFX-0011 VERI-WARNING] parameter 's_TX_STOP_BIT' becomes localparam in 'uart_tx' with formal parameter declaration list (VERI-1199) (E:\intern\project\apb_final\uarttx.v:14)
[EFX-0011 VERI-WARNING] parameter 's_CLEANUP' becomes localparam in 'uart_tx' with formal parameter declaration list (VERI-1199) (E:\intern\project\apb_final\uarttx.v:15)
[EFX-0011 VERI-WARNING] data object 'mm' is already declared (VERI-2170) (E:\intern\project\apb_final\top.v:46)
[EFX-0011 VERI-WARNING] second declaration of 'mm' is ignored (VERI-1329) (E:\intern\project\apb_final\top.v:46)
[EFX-0011 VERI-WARNING] 'mm' was previously declared with a range (VERI-1204) (E:\intern\project\apb_final\top.v:46)
[EFX-0011 VERI-WARNING] port 'master_ready' remains unconnected for this instance (VERI-1927) (E:\intern\project\apb_final\top.v:104)
[EFX-0011 VERI-WARNING] expression size 12 truncated to fit in target size 11 (VERI-1209) (E:\intern\project\apb_final\uartrx.v:61)
[EFX-0011 VERI-WARNING] expression size 12 truncated to fit in target size 11 (VERI-1209) (E:\intern\project\apb_final\uartrx.v:71)
[EFX-0011 VERI-WARNING] expression size 4 truncated to fit in target size 3 (VERI-1209) (E:\intern\project\apb_final\uartrx.v:82)
[EFX-0011 VERI-WARNING] expression size 12 truncated to fit in target size 11 (VERI-1209) (E:\intern\project\apb_final\uartrx.v:100)
[EFX-0011 VERI-WARNING] expression size 9 truncated to fit in target size 8 (VERI-1209) (E:\intern\project\apb_final\uartrx.v:127)
[EFX-0011 VERI-WARNING] expression size 5 truncated to fit in target size 4 (VERI-1209) (E:\intern\project\apb_final\ctrl_8_32.v:38)
[EFX-0011 VERI-WARNING] expression size 2 truncated to fit in target size 1 (VERI-1209) (E:\intern\project\apb_final\apbmaster.v:73)
[EFX-0011 VERI-WARNING] expression size 9 truncated to fit in target size 8 (VERI-1209) (E:\intern\project\apb_final\apbslave.v:59)

///////////////////////////////////
// Efinity Synthesis Started 
// Feb 26, 2024 14:11:09
///////////////////////////////////

[EFX-0011 VERI-WARNING] parameter 's_IDLE' becomes localparam in 'uart_rx' with formal parameter declaration list (VERI-1199) (E:\intern\project\apb_final\uartrx.v:10)
[EFX-0011 VERI-WARNING] parameter 's_RX_START_BIT' becomes localparam in 'uart_rx' with formal parameter declaration list (VERI-1199) (E:\intern\project\apb_final\uartrx.v:11)
[EFX-0011 VERI-WARNING] parameter 's_RX_DATA_BITS' becomes localparam in 'uart_rx' with formal parameter declaration list (VERI-1199) (E:\intern\project\apb_final\uartrx.v:12)
[EFX-0011 VERI-WARNING] parameter 's_RX_STOP_BIT' becomes localparam in 'uart_rx' with formal parameter declaration list (VERI-1199) (E:\intern\project\apb_final\uartrx.v:13)
[EFX-0011 VERI-WARNING] parameter 's_CLEANUP' becomes localparam in 'uart_rx' with formal parameter declaration list (VERI-1199) (E:\intern\project\apb_final\uartrx.v:14)
[EFX-0011 VERI-WARNING] parameter 's_IDLE' becomes localparam in 'uart_tx' with formal parameter declaration list (VERI-1199) (E:\intern\project\apb_final\uarttx.v:11)
[EFX-0011 VERI-WARNING] parameter 's_TX_START_BIT' becomes localparam in 'uart_tx' with formal parameter declaration list (VERI-1199) (E:\intern\project\apb_final\uarttx.v:12)
[EFX-0011 VERI-WARNING] parameter 's_TX_DATA_BITS' becomes localparam in 'uart_tx' with formal parameter declaration list (VERI-1199) (E:\intern\project\apb_final\uarttx.v:13)
[EFX-0011 VERI-WARNING] parameter 's_TX_STOP_BIT' becomes localparam in 'uart_tx' with formal parameter declaration list (VERI-1199) (E:\intern\project\apb_final\uarttx.v:14)
[EFX-0011 VERI-WARNING] parameter 's_CLEANUP' becomes localparam in 'uart_tx' with formal parameter declaration list (VERI-1199) (E:\intern\project\apb_final\uarttx.v:15)
[EFX-0011 VERI-WARNING] data object 'mm' is already declared (VERI-2170) (E:\intern\project\apb_final\top.v:46)
[EFX-0011 VERI-WARNING] second declaration of 'mm' is ignored (VERI-1329) (E:\intern\project\apb_final\top.v:46)
[EFX-0011 VERI-WARNING] 'mm' was previously declared with a range (VERI-1204) (E:\intern\project\apb_final\top.v:46)
[EFX-0011 VERI-WARNING] port 'master_ready' remains unconnected for this instance (VERI-1927) (E:\intern\project\apb_final\top.v:104)
[EFX-0011 VERI-WARNING] expression size 12 truncated to fit in target size 11 (VERI-1209) (E:\intern\project\apb_final\uartrx.v:61)
[EFX-0011 VERI-WARNING] expression size 12 truncated to fit in target size 11 (VERI-1209) (E:\intern\project\apb_final\uartrx.v:71)
[EFX-0011 VERI-WARNING] expression size 4 truncated to fit in target size 3 (VERI-1209) (E:\intern\project\apb_final\uartrx.v:82)
[EFX-0011 VERI-WARNING] expression size 12 truncated to fit in target size 11 (VERI-1209) (E:\intern\project\apb_final\uartrx.v:100)
[EFX-0011 VERI-WARNING] expression size 9 truncated to fit in target size 8 (VERI-1209) (E:\intern\project\apb_final\uartrx.v:127)
[EFX-0011 VERI-WARNING] expression size 5 truncated to fit in target size 4 (VERI-1209) (E:\intern\project\apb_final\ctrl_8_32.v:38)
[EFX-0011 VERI-WARNING] expression size 2 truncated to fit in target size 1 (VERI-1209) (E:\intern\project\apb_final\apbmaster.v:73)
[EFX-0011 VERI-WARNING] expression size 9 truncated to fit in target size 8 (VERI-1209) (E:\intern\project\apb_final\apbslave.v:59)
[EFX-0011 VERI-WARNING] expression size 3 truncated to fit in target size 2 (VERI-1209) (E:\intern\project\apb_final\ctrl3.v:59)
[EFX-0011 VERI-WARNING] expression size 3 truncated to fit in target size 2 (VERI-1209) (E:\intern\project\apb_final\ctrl3.v:82)
[EFX-0011 VERI-WARNING] expression size 3 truncated to fit in target size 2 (VERI-1209) (E:\intern\project\apb_final\ctrl3.v:105)
[EFX-0011 VERI-WARNING] actual bit length 32 differs from formal bit length 1 for port 'enable' (VERI-1330) (E:\intern\project\apb_final\top.v:126)
[EFX-0011 VERI-WARNING] expression size 12 truncated to fit in target size 11 (VERI-1209) (E:\intern\project\apb_final\uarttx.v:47)
[EFX-0011 VERI-WARNING] expression size 12 truncated to fit in target size 11 (VERI-1209) (E:\intern\project\apb_final\uarttx.v:62)
[EFX-0011 VERI-WARNING] expression size 4 truncated to fit in target size 3 (VERI-1209) (E:\intern\project\apb_final\uarttx.v:71)
[EFX-0011 VERI-WARNING] expression size 12 truncated to fit in target size 11 (VERI-1209) (E:\intern\project\apb_final\uarttx.v:88)
[EFX-0011 VERI-WARNING] input port 'slv_prdata[31]' remains unconnected for this instance (VDB-1053) (E:\intern\project\apb_final\top.v:87)
[EFX-0200 WARNING] Removing redundant signal : r_Rx_Byte[8]. (E:\intern\project\apb_final\uartrx.v:21)
[EFX-0200 WARNING] Removing redundant signal : i[31]. (E:\intern\project\apb_final\sram.v:19)
[EFX-0200 WARNING] Removing redundant signal : i[30]. (E:\intern\project\apb_final\sram.v:19)
[EFX-0200 WARNING] Removing redundant signal : i[29]. (E:\intern\project\apb_final\sram.v:19)
[EFX-0200 WARNING] Removing redundant signal : i[28]. (E:\intern\project\apb_final\sram.v:19)
[EFX-0200 WARNING] Removing redundant signal : i[27]. (E:\intern\project\apb_final\sram.v:19)
[EFX-0200 WARNING] Removing redundant signal : i[26]. (E:\intern\project\apb_final\sram.v:19)
[EFX-0200 WARNING] Removing redundant signal : i[25]. (E:\intern\project\apb_final\sram.v:19)
[EFX-0200 WARNING] Removing redundant signal : i[24]. (E:\intern\project\apb_final\sram.v:19)
[EFX-0200 WARNING] Removing redundant signal : i[23]. (E:\intern\project\apb_final\sram.v:19)
[EFX-0200 WARNING] Removing redundant signal : i[22]. (E:\intern\project\apb_final\sram.v:19)
[EFX-0200 WARNING] Removing redundant signal : i[21]. (E:\intern\project\apb_final\sram.v:19)
[EFX-0200 WARNING] Removing redundant signal : i[20]. (E:\intern\project\apb_final\sram.v:19)
[EFX-0200 WARNING] Removing redundant signal : i[19]. (E:\intern\project\apb_final\sram.v:19)
[EFX-0200 WARNING] Removing redundant signal : i[18]. (E:\intern\project\apb_final\sram.v:19)
[EFX-0200 WARNING] Removing redundant signal : i[17]. (E:\intern\project\apb_final\sram.v:19)
[EFX-0200 WARNING] Removing redundant signal : i[16]. (E:\intern\project\apb_final\sram.v:19)
[EFX-0200 WARNING] Removing redundant signal : i[15]. (E:\intern\project\apb_final\sram.v:19)
[EFX-0200 WARNING] Removing redundant signal : i[14]. (E:\intern\project\apb_final\sram.v:19)
[EFX-0200 WARNING] Removing redundant signal : i[13]. (E:\intern\project\apb_final\sram.v:19)
[EFX-0266 WARNING] Module Instance 'apb_master1' input pin tied to constant (ext_addr[0]=0).
[EFX-0266 WARNING] Module Instance 'apb_master1' input pin tied to constant (ext_addr[1]=1).
[EFX-0266 WARNING] Module Instance 'apb_master1' input pin tied to constant (ext_addr[2]=1).
[EFX-0266 WARNING] Module Instance 'apb_master1' input pin tied to constant (ext_addr[3]=0).
[EFX-0266 WARNING] Module Instance 'apb_master1' input pin tied to constant (ext_addr[4]=0).
[EFX-0266 WARNING] Module Instance 'apb_master1' input pin tied to constant (ext_addr[5]=1).
[EFX-0266 WARNING] Module Instance 'apb_master1' input pin tied to constant (ext_addr[6]=1).
[EFX-0266 WARNING] Module Instance 'apb_master1' input pin tied to constant (ext_addr[7]=0).
[EFX-0266 WARNING] Module Instance 'apb_master1' input pin tied to constant (ext_addr[8]=1).
[EFX-0266 WARNING] Module Instance 'apb_master1' input pin tied to constant (ext_addr[9]=0).
[EFX-0266 WARNING] Module Instance 'apb_master1' input pin tied to constant (ext_addr[10]=1).
[EFX-0266 WARNING] Module Instance 'apb_master1' input pin tied to constant (ext_addr[11]=0).
[EFX-0266 WARNING] Module Instance 'apb_master1' input pin tied to constant (ext_addr[12]=1).
[EFX-0266 WARNING] Module Instance 'apb_master1' input pin tied to constant (ext_addr[13]=0).
[EFX-0266 WARNING] Module Instance 'apb_master1' input pin tied to constant (ext_addr[14]=1).
[EFX-0266 WARNING] Module Instance 'apb_master1' input pin tied to constant (ext_addr[15]=0).
[EFX-0266 WARNING] Module Instance 'apb_master1' input pin tied to constant (ext_addr[16]=0).
[EFX-0266 WARNING] Module Instance 'apb_master1' input pin tied to constant (ext_addr[17]=0).
[EFX-0266 WARNING] Module Instance 'apb_master1' input pin tied to constant (ext_addr[18]=1).
[EFX-0266 WARNING] Module Instance 'apb_master1' input pin tied to constant (ext_addr[19]=0).
[EFX-0266 WARNING] Module Instance 'apb_master1' input pin tied to constant (ext_addr[20]=1).
[EFX-0266 WARNING] Module Instance 'apb_master1' input pin tied to constant (ext_addr[21]=1).
[EFX-0266 WARNING] Module Instance 'apb_master1' input pin tied to constant (ext_addr[22]=0).
[EFX-0266 WARNING] Module Instance 'apb_master1' input pin tied to constant (ext_addr[23]=0).
[EFX-0266 WARNING] Module Instance 'apb_master1' input pin tied to constant (ext_addr[24]=0).
[EFX-0266 WARNING] Module Instance 'apb_master1' input pin tied to constant (ext_addr[25]=1).
[EFX-0266 WARNING] Module Instance 'apb_master1' input pin tied to constant (ext_addr[26]=0).
[EFX-0266 WARNING] Module Instance 'apb_master1' input pin tied to constant (ext_addr[27]=0).
[EFX-0266 WARNING] Module Instance 'apb_master1' input pin tied to constant (ext_addr[28]=1).
[EFX-0266 WARNING] Module Instance 'apb_master1' input pin tied to constant (ext_addr[29]=0).
[EFX-0266 WARNING] Module Instance 'apb_master1' input pin tied to constant (ext_addr[30]=0).
[EFX-0266 WARNING] Module Instance 'apb_master1' input pin tied to constant (ext_addr[31]=0).
[EFX-0266 WARNING] Module Instance 'apb_master1' input pin tied to constant (pstrobe[0]=1).
[EFX-0266 WARNING] Module Instance 'apb_master1' input pin tied to constant (pstrobe[1]=1).
[EFX-0201 WARNING] Re-wiring to GND non-driven net 'apb_master1.slv_prdata[31]'. (E:\intern\project\apb_final\top.v:87)
[EFX-0201 WARNING] Re-wiring to GND non-driven net 'apb_master1.slv_prdata[30]'. (E:\intern\project\apb_final\top.v:87)
[EFX-0201 WARNING] Re-wiring to GND non-driven net 'apb_master1.slv_prdata[29]'. (E:\intern\project\apb_final\top.v:87)
[EFX-0201 WARNING] Re-wiring to GND non-driven net 'apb_master1.slv_prdata[28]'. (E:\intern\project\apb_final\top.v:87)
[EFX-0201 WARNING] Re-wiring to GND non-driven net 'apb_master1.slv_prdata[27]'. (E:\intern\project\apb_final\top.v:87)
[EFX-0201 WARNING] Re-wiring to GND non-driven net 'apb_master1.slv_prdata[26]'. (E:\intern\project\apb_final\top.v:87)
[EFX-0201 WARNING] Re-wiring to GND non-driven net 'apb_master1.slv_prdata[25]'. (E:\intern\project\apb_final\top.v:87)
[EFX-0201 WARNING] Re-wiring to GND non-driven net 'apb_master1.slv_prdata[24]'. (E:\intern\project\apb_final\top.v:87)
[EFX-0201 WARNING] Re-wiring to GND non-driven net 'apb_master1.slv_prdata[23]'. (E:\intern\project\apb_final\top.v:87)
[EFX-0201 WARNING] Re-wiring to GND non-driven net 'apb_master1.slv_prdata[22]'. (E:\intern\project\apb_final\top.v:87)
[EFX-0266 WARNING] Module Instance 'ctrluart' input pin tied to constant (enable=1).
[EFX-0011 VERI-WARNING] Input/Inout Port clock_r is unconnected and will be removed 

///////////////////////////////////
// Efinity Synthesis Started 
// Feb 26, 2024 14:24:16
///////////////////////////////////

[EFX-0011 VERI-WARNING] parameter 's_IDLE' becomes localparam in 'uart_rx' with formal parameter declaration list (VERI-1199) (E:\intern\project\apb_final\uartrx.v:10)
[EFX-0011 VERI-WARNING] parameter 's_RX_START_BIT' becomes localparam in 'uart_rx' with formal parameter declaration list (VERI-1199) (E:\intern\project\apb_final\uartrx.v:11)
[EFX-0011 VERI-WARNING] parameter 's_RX_DATA_BITS' becomes localparam in 'uart_rx' with formal parameter declaration list (VERI-1199) (E:\intern\project\apb_final\uartrx.v:12)
[EFX-0011 VERI-WARNING] parameter 's_RX_STOP_BIT' becomes localparam in 'uart_rx' with formal parameter declaration list (VERI-1199) (E:\intern\project\apb_final\uartrx.v:13)
[EFX-0011 VERI-WARNING] parameter 's_CLEANUP' becomes localparam in 'uart_rx' with formal parameter declaration list (VERI-1199) (E:\intern\project\apb_final\uartrx.v:14)
[EFX-0011 VERI-WARNING] parameter 's_IDLE' becomes localparam in 'uart_tx' with formal parameter declaration list (VERI-1199) (E:\intern\project\apb_final\uarttx.v:11)
[EFX-0011 VERI-WARNING] parameter 's_TX_START_BIT' becomes localparam in 'uart_tx' with formal parameter declaration list (VERI-1199) (E:\intern\project\apb_final\uarttx.v:12)
[EFX-0011 VERI-WARNING] parameter 's_TX_DATA_BITS' becomes localparam in 'uart_tx' with formal parameter declaration list (VERI-1199) (E:\intern\project\apb_final\uarttx.v:13)
[EFX-0011 VERI-WARNING] parameter 's_TX_STOP_BIT' becomes localparam in 'uart_tx' with formal parameter declaration list (VERI-1199) (E:\intern\project\apb_final\uarttx.v:14)
[EFX-0011 VERI-WARNING] parameter 's_CLEANUP' becomes localparam in 'uart_tx' with formal parameter declaration list (VERI-1199) (E:\intern\project\apb_final\uarttx.v:15)
[EFX-0011 VERI-WARNING] data object 'mm' is already declared (VERI-2170) (E:\intern\project\apb_final\top.v:46)
[EFX-0011 VERI-WARNING] second declaration of 'mm' is ignored (VERI-1329) (E:\intern\project\apb_final\top.v:46)
[EFX-0011 VERI-WARNING] 'mm' was previously declared with a range (VERI-1204) (E:\intern\project\apb_final\top.v:46)
[EFX-0011 VERI-WARNING] port 'master_ready' remains unconnected for this instance (VERI-1927) (E:\intern\project\apb_final\top.v:104)
[EFX-0011 VERI-WARNING] expression size 12 truncated to fit in target size 11 (VERI-1209) (E:\intern\project\apb_final\uartrx.v:61)
[EFX-0011 VERI-WARNING] expression size 12 truncated to fit in target size 11 (VERI-1209) (E:\intern\project\apb_final\uartrx.v:71)
[EFX-0011 VERI-WARNING] expression size 4 truncated to fit in target size 3 (VERI-1209) (E:\intern\project\apb_final\uartrx.v:82)
[EFX-0011 VERI-WARNING] expression size 12 truncated to fit in target size 11 (VERI-1209) (E:\intern\project\apb_final\uartrx.v:100)
[EFX-0011 VERI-WARNING] expression size 9 truncated to fit in target size 8 (VERI-1209) (E:\intern\project\apb_final\uartrx.v:127)
[EFX-0011 VERI-WARNING] expression size 5 truncated to fit in target size 4 (VERI-1209) (E:\intern\project\apb_final\ctrl_8_32.v:38)
[EFX-0011 VERI-WARNING] expression size 2 truncated to fit in target size 1 (VERI-1209) (E:\intern\project\apb_final\apbmaster.v:73)
[EFX-0011 VERI-WARNING] expression size 9 truncated to fit in target size 8 (VERI-1209) (E:\intern\project\apb_final\apbslave.v:59)
[EFX-0011 VERI-WARNING] expression size 3 truncated to fit in target size 2 (VERI-1209) (E:\intern\project\apb_final\ctrl3.v:59)
[EFX-0011 VERI-WARNING] expression size 3 truncated to fit in target size 2 (VERI-1209) (E:\intern\project\apb_final\ctrl3.v:82)
[EFX-0011 VERI-WARNING] expression size 3 truncated to fit in target size 2 (VERI-1209) (E:\intern\project\apb_final\ctrl3.v:105)
[EFX-0011 VERI-WARNING] expression size 12 truncated to fit in target size 11 (VERI-1209) (E:\intern\project\apb_final\uarttx.v:47)
[EFX-0011 VERI-WARNING] expression size 12 truncated to fit in target size 11 (VERI-1209) (E:\intern\project\apb_final\uarttx.v:62)
[EFX-0011 VERI-WARNING] expression size 4 truncated to fit in target size 3 (VERI-1209) (E:\intern\project\apb_final\uarttx.v:71)
[EFX-0011 VERI-WARNING] expression size 12 truncated to fit in target size 11 (VERI-1209) (E:\intern\project\apb_final\uarttx.v:88)
[EFX-0011 VERI-WARNING] input port 'slv_prdata[31]' remains unconnected for this instance (VDB-1053) (E:\intern\project\apb_final\top.v:87)
[EFX-0200 WARNING] Removing redundant signal : r_Rx_Byte[8]. (E:\intern\project\apb_final\uartrx.v:21)
[EFX-0200 WARNING] Removing redundant signal : i[31]. (E:\intern\project\apb_final\sram.v:19)
[EFX-0200 WARNING] Removing redundant signal : i[30]. (E:\intern\project\apb_final\sram.v:19)
[EFX-0200 WARNING] Removing redundant signal : i[29]. (E:\intern\project\apb_final\sram.v:19)
[EFX-0200 WARNING] Removing redundant signal : i[28]. (E:\intern\project\apb_final\sram.v:19)
[EFX-0200 WARNING] Removing redundant signal : i[27]. (E:\intern\project\apb_final\sram.v:19)
[EFX-0200 WARNING] Removing redundant signal : i[26]. (E:\intern\project\apb_final\sram.v:19)
[EFX-0200 WARNING] Removing redundant signal : i[25]. (E:\intern\project\apb_final\sram.v:19)
[EFX-0200 WARNING] Removing redundant signal : i[24]. (E:\intern\project\apb_final\sram.v:19)
[EFX-0200 WARNING] Removing redundant signal : i[23]. (E:\intern\project\apb_final\sram.v:19)
[EFX-0200 WARNING] Removing redundant signal : i[22]. (E:\intern\project\apb_final\sram.v:19)
[EFX-0200 WARNING] Removing redundant signal : i[21]. (E:\intern\project\apb_final\sram.v:19)
[EFX-0200 WARNING] Removing redundant signal : i[20]. (E:\intern\project\apb_final\sram.v:19)
[EFX-0200 WARNING] Removing redundant signal : i[19]. (E:\intern\project\apb_final\sram.v:19)
[EFX-0200 WARNING] Removing redundant signal : i[18]. (E:\intern\project\apb_final\sram.v:19)
[EFX-0200 WARNING] Removing redundant signal : i[17]. (E:\intern\project\apb_final\sram.v:19)
[EFX-0200 WARNING] Removing redundant signal : i[16]. (E:\intern\project\apb_final\sram.v:19)
[EFX-0200 WARNING] Removing redundant signal : i[15]. (E:\intern\project\apb_final\sram.v:19)
[EFX-0200 WARNING] Removing redundant signal : i[14]. (E:\intern\project\apb_final\sram.v:19)
[EFX-0200 WARNING] Removing redundant signal : i[13]. (E:\intern\project\apb_final\sram.v:19)
[EFX-0266 WARNING] Module Instance 'apb_master1' input pin tied to constant (ext_addr[0]=0).
[EFX-0266 WARNING] Module Instance 'apb_master1' input pin tied to constant (ext_addr[1]=1).
[EFX-0266 WARNING] Module Instance 'apb_master1' input pin tied to constant (ext_addr[2]=1).
[EFX-0266 WARNING] Module Instance 'apb_master1' input pin tied to constant (ext_addr[3]=0).
[EFX-0266 WARNING] Module Instance 'apb_master1' input pin tied to constant (ext_addr[4]=0).
[EFX-0266 WARNING] Module Instance 'apb_master1' input pin tied to constant (ext_addr[5]=1).
[EFX-0266 WARNING] Module Instance 'apb_master1' input pin tied to constant (ext_addr[6]=1).
[EFX-0266 WARNING] Module Instance 'apb_master1' input pin tied to constant (ext_addr[7]=0).
[EFX-0266 WARNING] Module Instance 'apb_master1' input pin tied to constant (ext_addr[8]=1).
[EFX-0266 WARNING] Module Instance 'apb_master1' input pin tied to constant (ext_addr[9]=0).
[EFX-0266 WARNING] Module Instance 'apb_master1' input pin tied to constant (ext_addr[10]=1).
[EFX-0266 WARNING] Module Instance 'apb_master1' input pin tied to constant (ext_addr[11]=0).
[EFX-0266 WARNING] Module Instance 'apb_master1' input pin tied to constant (ext_addr[12]=1).
[EFX-0266 WARNING] Module Instance 'apb_master1' input pin tied to constant (ext_addr[13]=0).
[EFX-0266 WARNING] Module Instance 'apb_master1' input pin tied to constant (ext_addr[14]=1).
[EFX-0266 WARNING] Module Instance 'apb_master1' input pin tied to constant (ext_addr[15]=0).
[EFX-0266 WARNING] Module Instance 'apb_master1' input pin tied to constant (ext_addr[16]=0).
[EFX-0266 WARNING] Module Instance 'apb_master1' input pin tied to constant (ext_addr[17]=0).
[EFX-0266 WARNING] Module Instance 'apb_master1' input pin tied to constant (ext_addr[18]=1).
[EFX-0266 WARNING] Module Instance 'apb_master1' input pin tied to constant (ext_addr[19]=0).
[EFX-0266 WARNING] Module Instance 'apb_master1' input pin tied to constant (ext_addr[20]=1).
[EFX-0266 WARNING] Module Instance 'apb_master1' input pin tied to constant (ext_addr[21]=1).
[EFX-0266 WARNING] Module Instance 'apb_master1' input pin tied to constant (ext_addr[22]=0).
[EFX-0266 WARNING] Module Instance 'apb_master1' input pin tied to constant (ext_addr[23]=0).
[EFX-0266 WARNING] Module Instance 'apb_master1' input pin tied to constant (ext_addr[24]=0).
[EFX-0266 WARNING] Module Instance 'apb_master1' input pin tied to constant (ext_addr[25]=1).
[EFX-0266 WARNING] Module Instance 'apb_master1' input pin tied to constant (ext_addr[26]=0).
[EFX-0266 WARNING] Module Instance 'apb_master1' input pin tied to constant (ext_addr[27]=0).
[EFX-0266 WARNING] Module Instance 'apb_master1' input pin tied to constant (ext_addr[28]=1).
[EFX-0266 WARNING] Module Instance 'apb_master1' input pin tied to constant (ext_addr[29]=0).
[EFX-0266 WARNING] Module Instance 'apb_master1' input pin tied to constant (ext_addr[30]=0).
[EFX-0266 WARNING] Module Instance 'apb_master1' input pin tied to constant (ext_addr[31]=0).
[EFX-0266 WARNING] Module Instance 'apb_master1' input pin tied to constant (pstrobe[0]=1).
[EFX-0266 WARNING] Module Instance 'apb_master1' input pin tied to constant (pstrobe[1]=1).
[EFX-0201 WARNING] Re-wiring to GND non-driven net 'apb_master1.slv_prdata[31]'. (E:\intern\project\apb_final\top.v:87)
[EFX-0201 WARNING] Re-wiring to GND non-driven net 'apb_master1.slv_prdata[30]'. (E:\intern\project\apb_final\top.v:87)
[EFX-0201 WARNING] Re-wiring to GND non-driven net 'apb_master1.slv_prdata[29]'. (E:\intern\project\apb_final\top.v:87)
[EFX-0201 WARNING] Re-wiring to GND non-driven net 'apb_master1.slv_prdata[28]'. (E:\intern\project\apb_final\top.v:87)
[EFX-0201 WARNING] Re-wiring to GND non-driven net 'apb_master1.slv_prdata[27]'. (E:\intern\project\apb_final\top.v:87)
[EFX-0201 WARNING] Re-wiring to GND non-driven net 'apb_master1.slv_prdata[26]'. (E:\intern\project\apb_final\top.v:87)
[EFX-0201 WARNING] Re-wiring to GND non-driven net 'apb_master1.slv_prdata[25]'. (E:\intern\project\apb_final\top.v:87)
[EFX-0201 WARNING] Re-wiring to GND non-driven net 'apb_master1.slv_prdata[24]'. (E:\intern\project\apb_final\top.v:87)
[EFX-0201 WARNING] Re-wiring to GND non-driven net 'apb_master1.slv_prdata[23]'. (E:\intern\project\apb_final\top.v:87)
[EFX-0201 WARNING] Re-wiring to GND non-driven net 'apb_master1.slv_prdata[22]'. (E:\intern\project\apb_final\top.v:87)
[EFX-0011 VERI-WARNING] Input/Inout Port clock_r is unconnected and will be removed 

///////////////////////////////////
// Efinity Synthesis Started 
// Feb 26, 2024 15:57:10
///////////////////////////////////

[EFX-0011 VERI-WARNING] parameter 's_IDLE' becomes localparam in 'uart_rx' with formal parameter declaration list (VERI-1199) (E:\intern\project\apb_final\uartrx.v:10)
[EFX-0011 VERI-WARNING] parameter 's_RX_START_BIT' becomes localparam in 'uart_rx' with formal parameter declaration list (VERI-1199) (E:\intern\project\apb_final\uartrx.v:11)
[EFX-0011 VERI-WARNING] parameter 's_RX_DATA_BITS' becomes localparam in 'uart_rx' with formal parameter declaration list (VERI-1199) (E:\intern\project\apb_final\uartrx.v:12)
[EFX-0011 VERI-WARNING] parameter 's_RX_STOP_BIT' becomes localparam in 'uart_rx' with formal parameter declaration list (VERI-1199) (E:\intern\project\apb_final\uartrx.v:13)
[EFX-0011 VERI-WARNING] parameter 's_CLEANUP' becomes localparam in 'uart_rx' with formal parameter declaration list (VERI-1199) (E:\intern\project\apb_final\uartrx.v:14)
[EFX-0011 VERI-WARNING] parameter 's_IDLE' becomes localparam in 'uart_tx' with formal parameter declaration list (VERI-1199) (E:\intern\project\apb_final\uarttx.v:11)
[EFX-0011 VERI-WARNING] parameter 's_TX_START_BIT' becomes localparam in 'uart_tx' with formal parameter declaration list (VERI-1199) (E:\intern\project\apb_final\uarttx.v:12)
[EFX-0011 VERI-WARNING] parameter 's_TX_DATA_BITS' becomes localparam in 'uart_tx' with formal parameter declaration list (VERI-1199) (E:\intern\project\apb_final\uarttx.v:13)
[EFX-0011 VERI-WARNING] parameter 's_TX_STOP_BIT' becomes localparam in 'uart_tx' with formal parameter declaration list (VERI-1199) (E:\intern\project\apb_final\uarttx.v:14)
[EFX-0011 VERI-WARNING] parameter 's_CLEANUP' becomes localparam in 'uart_tx' with formal parameter declaration list (VERI-1199) (E:\intern\project\apb_final\uarttx.v:15)
[EFX-0011 VERI-WARNING] data object 'mm' is already declared (VERI-2170) (E:\intern\project\apb_final\top.v:46)
[EFX-0011 VERI-WARNING] second declaration of 'mm' is ignored (VERI-1329) (E:\intern\project\apb_final\top.v:46)
[EFX-0011 VERI-WARNING] 'mm' was previously declared with a range (VERI-1204) (E:\intern\project\apb_final\top.v:46)
[EFX-0011 VERI-WARNING] port 'master_ready' remains unconnected for this instance (VERI-1927) (E:\intern\project\apb_final\top.v:104)
[EFX-0011 VERI-WARNING] expression size 12 truncated to fit in target size 11 (VERI-1209) (E:\intern\project\apb_final\uartrx.v:61)
[EFX-0011 VERI-WARNING] expression size 12 truncated to fit in target size 11 (VERI-1209) (E:\intern\project\apb_final\uartrx.v:71)
[EFX-0011 VERI-WARNING] expression size 4 truncated to fit in target size 3 (VERI-1209) (E:\intern\project\apb_final\uartrx.v:82)
[EFX-0011 VERI-WARNING] expression size 12 truncated to fit in target size 11 (VERI-1209) (E:\intern\project\apb_final\uartrx.v:100)
[EFX-0011 VERI-WARNING] expression size 9 truncated to fit in target size 8 (VERI-1209) (E:\intern\project\apb_final\uartrx.v:127)
[EFX-0011 VERI-WARNING] expression size 5 truncated to fit in target size 4 (VERI-1209) (E:\intern\project\apb_final\ctrl_8_32.v:38)
[EFX-0011 VERI-WARNING] expression size 2 truncated to fit in target size 1 (VERI-1209) (E:\intern\project\apb_final\apbmaster.v:73)
[EFX-0011 VERI-WARNING] expression size 9 truncated to fit in target size 8 (VERI-1209) (E:\intern\project\apb_final\apbslave.v:59)
[EFX-0011 VERI-WARNING] expression size 3 truncated to fit in target size 2 (VERI-1209) (E:\intern\project\apb_final\ctrl3.v:59)
[EFX-0011 VERI-WARNING] expression size 3 truncated to fit in target size 2 (VERI-1209) (E:\intern\project\apb_final\ctrl3.v:82)
[EFX-0011 VERI-WARNING] expression size 3 truncated to fit in target size 2 (VERI-1209) (E:\intern\project\apb_final\ctrl3.v:105)
[EFX-0011 VERI-WARNING] expression size 12 truncated to fit in target size 11 (VERI-1209) (E:\intern\project\apb_final\uarttx.v:47)
[EFX-0011 VERI-WARNING] expression size 12 truncated to fit in target size 11 (VERI-1209) (E:\intern\project\apb_final\uarttx.v:62)
[EFX-0011 VERI-WARNING] expression size 4 truncated to fit in target size 3 (VERI-1209) (E:\intern\project\apb_final\uarttx.v:71)
[EFX-0011 VERI-WARNING] expression size 12 truncated to fit in target size 11 (VERI-1209) (E:\intern\project\apb_final\uarttx.v:88)
[EFX-0011 VERI-WARNING] input port 'slv_prdata[31]' remains unconnected for this instance (VDB-1053) (E:\intern\project\apb_final\top.v:87)
[EFX-0200 WARNING] Removing redundant signal : r_Rx_Byte[8]. (E:\intern\project\apb_final\uartrx.v:21)
[EFX-0200 WARNING] Removing redundant signal : i[31]. (E:\intern\project\apb_final\sram.v:19)
[EFX-0200 WARNING] Removing redundant signal : i[30]. (E:\intern\project\apb_final\sram.v:19)
[EFX-0200 WARNING] Removing redundant signal : i[29]. (E:\intern\project\apb_final\sram.v:19)
[EFX-0200 WARNING] Removing redundant signal : i[28]. (E:\intern\project\apb_final\sram.v:19)
[EFX-0200 WARNING] Removing redundant signal : i[27]. (E:\intern\project\apb_final\sram.v:19)
[EFX-0200 WARNING] Removing redundant signal : i[26]. (E:\intern\project\apb_final\sram.v:19)
[EFX-0200 WARNING] Removing redundant signal : i[25]. (E:\intern\project\apb_final\sram.v:19)
[EFX-0200 WARNING] Removing redundant signal : i[24]. (E:\intern\project\apb_final\sram.v:19)
[EFX-0200 WARNING] Removing redundant signal : i[23]. (E:\intern\project\apb_final\sram.v:19)
[EFX-0200 WARNING] Removing redundant signal : i[22]. (E:\intern\project\apb_final\sram.v:19)
[EFX-0200 WARNING] Removing redundant signal : i[21]. (E:\intern\project\apb_final\sram.v:19)
[EFX-0200 WARNING] Removing redundant signal : i[20]. (E:\intern\project\apb_final\sram.v:19)
[EFX-0200 WARNING] Removing redundant signal : i[19]. (E:\intern\project\apb_final\sram.v:19)
[EFX-0200 WARNING] Removing redundant signal : i[18]. (E:\intern\project\apb_final\sram.v:19)
[EFX-0200 WARNING] Removing redundant signal : i[17]. (E:\intern\project\apb_final\sram.v:19)
[EFX-0200 WARNING] Removing redundant signal : i[16]. (E:\intern\project\apb_final\sram.v:19)
[EFX-0200 WARNING] Removing redundant signal : i[15]. (E:\intern\project\apb_final\sram.v:19)
[EFX-0200 WARNING] Removing redundant signal : i[14]. (E:\intern\project\apb_final\sram.v:19)
[EFX-0200 WARNING] Removing redundant signal : i[13]. (E:\intern\project\apb_final\sram.v:19)
[EFX-0266 WARNING] Module Instance 'apb_master1' input pin tied to constant (ext_addr[0]=0).
[EFX-0266 WARNING] Module Instance 'apb_master1' input pin tied to constant (ext_addr[1]=1).
[EFX-0266 WARNING] Module Instance 'apb_master1' input pin tied to constant (ext_addr[2]=1).
[EFX-0266 WARNING] Module Instance 'apb_master1' input pin tied to constant (ext_addr[3]=0).
[EFX-0266 WARNING] Module Instance 'apb_master1' input pin tied to constant (ext_addr[4]=0).
[EFX-0266 WARNING] Module Instance 'apb_master1' input pin tied to constant (ext_addr[5]=1).
[EFX-0266 WARNING] Module Instance 'apb_master1' input pin tied to constant (ext_addr[6]=1).
[EFX-0266 WARNING] Module Instance 'apb_master1' input pin tied to constant (ext_addr[7]=0).
[EFX-0266 WARNING] Module Instance 'apb_master1' input pin tied to constant (ext_addr[8]=1).
[EFX-0266 WARNING] Module Instance 'apb_master1' input pin tied to constant (ext_addr[9]=0).
[EFX-0266 WARNING] Module Instance 'apb_master1' input pin tied to constant (ext_addr[10]=1).
[EFX-0266 WARNING] Module Instance 'apb_master1' input pin tied to constant (ext_addr[11]=0).
[EFX-0266 WARNING] Module Instance 'apb_master1' input pin tied to constant (ext_addr[12]=1).
[EFX-0266 WARNING] Module Instance 'apb_master1' input pin tied to constant (ext_addr[13]=0).
[EFX-0266 WARNING] Module Instance 'apb_master1' input pin tied to constant (ext_addr[14]=1).
[EFX-0266 WARNING] Module Instance 'apb_master1' input pin tied to constant (ext_addr[15]=0).
[EFX-0266 WARNING] Module Instance 'apb_master1' input pin tied to constant (ext_addr[16]=0).
[EFX-0266 WARNING] Module Instance 'apb_master1' input pin tied to constant (ext_addr[17]=0).
[EFX-0266 WARNING] Module Instance 'apb_master1' input pin tied to constant (ext_addr[18]=1).
[EFX-0266 WARNING] Module Instance 'apb_master1' input pin tied to constant (ext_addr[19]=0).
[EFX-0266 WARNING] Module Instance 'apb_master1' input pin tied to constant (ext_addr[20]=1).
[EFX-0266 WARNING] Module Instance 'apb_master1' input pin tied to constant (ext_addr[21]=1).
[EFX-0266 WARNING] Module Instance 'apb_master1' input pin tied to constant (ext_addr[22]=0).
[EFX-0266 WARNING] Module Instance 'apb_master1' input pin tied to constant (ext_addr[23]=0).
[EFX-0266 WARNING] Module Instance 'apb_master1' input pin tied to constant (ext_addr[24]=0).
[EFX-0266 WARNING] Module Instance 'apb_master1' input pin tied to constant (ext_addr[25]=1).
[EFX-0266 WARNING] Module Instance 'apb_master1' input pin tied to constant (ext_addr[26]=0).
[EFX-0266 WARNING] Module Instance 'apb_master1' input pin tied to constant (ext_addr[27]=0).
[EFX-0266 WARNING] Module Instance 'apb_master1' input pin tied to constant (ext_addr[28]=1).
[EFX-0266 WARNING] Module Instance 'apb_master1' input pin tied to constant (ext_addr[29]=0).
[EFX-0266 WARNING] Module Instance 'apb_master1' input pin tied to constant (ext_addr[30]=0).
[EFX-0266 WARNING] Module Instance 'apb_master1' input pin tied to constant (ext_addr[31]=0).
[EFX-0266 WARNING] Module Instance 'apb_master1' input pin tied to constant (pstrobe[0]=1).
[EFX-0266 WARNING] Module Instance 'apb_master1' input pin tied to constant (pstrobe[1]=1).
[EFX-0201 WARNING] Re-wiring to GND non-driven net 'apb_master1.slv_prdata[31]'. (E:\intern\project\apb_final\top.v:87)
[EFX-0201 WARNING] Re-wiring to GND non-driven net 'apb_master1.slv_prdata[30]'. (E:\intern\project\apb_final\top.v:87)
[EFX-0201 WARNING] Re-wiring to GND non-driven net 'apb_master1.slv_prdata[29]'. (E:\intern\project\apb_final\top.v:87)
[EFX-0201 WARNING] Re-wiring to GND non-driven net 'apb_master1.slv_prdata[28]'. (E:\intern\project\apb_final\top.v:87)
[EFX-0201 WARNING] Re-wiring to GND non-driven net 'apb_master1.slv_prdata[27]'. (E:\intern\project\apb_final\top.v:87)
[EFX-0201 WARNING] Re-wiring to GND non-driven net 'apb_master1.slv_prdata[26]'. (E:\intern\project\apb_final\top.v:87)
[EFX-0201 WARNING] Re-wiring to GND non-driven net 'apb_master1.slv_prdata[25]'. (E:\intern\project\apb_final\top.v:87)
[EFX-0201 WARNING] Re-wiring to GND non-driven net 'apb_master1.slv_prdata[24]'. (E:\intern\project\apb_final\top.v:87)
[EFX-0201 WARNING] Re-wiring to GND non-driven net 'apb_master1.slv_prdata[23]'. (E:\intern\project\apb_final\top.v:87)
[EFX-0201 WARNING] Re-wiring to GND non-driven net 'apb_master1.slv_prdata[22]'. (E:\intern\project\apb_final\top.v:87)
[EFX-0011 VERI-WARNING] Input/Inout Port clock_r is unconnected and will be removed 
