
Efinix Static Timing Analysis Report
Version: 2023.1.150
Date: Mon Feb 26 16:05:36 2024

Copyright (C) 2013 - 2023  Inc. All rights reserved.

Top-level Entity Name: apb_final

SDC Filename: Not Specified

Timing Model: C4
	temperature : 0C to 85C
	voltage : 1.2V +/-50mV
	speedgrade : 4
	technology : s40ll
	status : final

---------- Table of Contents (begin) ----------
   1. Clock Frequency Summary
   2. Clock Relationship Summary
   3. Path Details for Max Critical Paths
   4. Path Details for Min Critical Paths
---------- Table of Contents (end) ------------

---------- 1. Clock Frequency Summary (begin) ----------

User target constrained clocks
   Clock Name    Period (ns)  Frequency (MHz)   Waveform        Targets
clock_w             1.000        1000.000     {0.000 0.500} {clock_w}       
jtag_inst1_TCK      1.000        1000.000     {0.000 0.500} {jtag_inst1_TCK}
virtual_io_clock    1.000        1000.000     {0.000 0.500}                 

Maximum possible analyzed clocks frequency
  Clock Name   Period (ns)  Frequency (MHz)     Edge
clock_w           9.845        101.574         (R-R)
jtag_inst1_TCK    8.669        115.354         (R-R)

Geomean max period: 9.238

---------- Clock Frequency Summary (end) ---------------

---------- 2. Clock Relationship Summary (begin) ----------

Setup (Max) Clock Relationship
  Launch Clock    Capture Clock   Constraint (ns)     Slack (ns)          Edge
 clock_w          clock_w              1.000            -8.845           (R-R)
 clock_w          jtag_inst1_TCK       1.000            -6.891           (R-R)
 jtag_inst1_TCK   clock_w              1.000            -1.516           (R-R)
 jtag_inst1_TCK   jtag_inst1_TCK       1.000            -7.669           (R-R)

Hold (Min) Clock Relationship
  Launch Clock    Capture Clock   Constraint (ns)     Slack (ns)          Edge
 clock_w          clock_w              0.000             0.119           (R-R)
 clock_w          jtag_inst1_TCK       0.000             2.682           (R-R)
 jtag_inst1_TCK   clock_w              0.000            -2.066           (R-R)
 jtag_inst1_TCK   jtag_inst1_TCK       0.000             0.307           (R-R)

NOTE: Values are in nanoseconds.

---------- Clock Relationship Summary (end) ---------------

---------- 3. Path Details for Max Critical Paths (begin) ----------

################################################################################
Path Detail Report (clock_w vs clock_w)
################################################################################


++++ Path 1 ++++++++++++++++++++++++++++++++++++++++++++++++++++++++++++++++++++

Path Begin    : edb_top_inst/la0/la_biu_inst/fifo_with_read_inst/simple_dual_port_ram_inst/ram__D$ZZi12|RCLK
Path End      : edb_top_inst/la0/data_from_biu[42]~FF|D                                                     
Launch Clock  : clock_w (RISE)                                                                              
Capture Clock : clock_w (RISE)                                                                              
Slack         : -8.845 (required time - arrival time)                                                       
Delay         : 6.787                                                                                       

Logic Level             : 4
Non-global nets on path : 4
Global nets on path     : 0

Launch Clock Path Delay        : 13.946
+ Clock To Q + Data Path Delay :  9.725
---------------------------------------
End-of-path arrival time       : 23.671

Constraint                     :  1.000
+ Capture Clock Path Delay     : 13.946
- Clock Uncertainty            :  0.120
---------------------------------------
End-of-path required time      : 14.826

Launch Clock Path
                                            name                                              model name   delay (ns)  cumulative delay (ns) pins on net    location
======================================================================================================================================================================
clock_w                                                                                      inpad           0.000             0.000                0       (338,5) 
clock_w                                                                                      inpad           0.200             0.200                2       (338,5) 
clock_w                                                                                      net             8.956             9.156                2       (338,5) 
   Routing elements:
      Manhattan distance of X:337, Y:313
CLKBUF__0|I                                                                                  gbuf            4.790            13.946                2       (1,318) 
CLKBUF__0|O                                                                                  gbuf            0.000            13.946             5050       (1,318) 
clock_w~O                                                                                    net             0.000            13.946             5050       (1,318) 
edb_top_inst/la0/la_biu_inst/fifo_with_read_inst/simple_dual_port_ram_inst/ram__D$ZZi12|RCLK ram_4096x20     0.000            13.946             5050       (77,522)

Data Path
                                              name                                                 model name   delay (ns)  cumulative delay (ns) pins on net    location
===========================================================================================================================================================================
edb_top_inst/la0/la_biu_inst/fifo_with_read_inst/simple_dual_port_ram_inst/ram__D$ZZi12|RDATA[10] ram_4096x20     2.820             2.820              2         (77,522)
edb_top_inst/la0/la_biu_inst/fifo_dout[554]                                                       net             4.337             7.157              2         (77,522)
   Routing elements:
      Manhattan distance of X:8, Y:307
edb_top_inst/LUT__50093|in[3]                                                                     lut             0.000             7.157              2         (85,215)
edb_top_inst/LUT__50093|out                                                                       lut             0.000             7.157              2         (85,215)
edb_top_inst/n31242                                                                               net             0.861             8.018              2         (85,215)
   Routing elements:
      Manhattan distance of X:12, Y:20
edb_top_inst/LUT__50094|in[1]                                                                     lut             0.000             8.018              2         (97,195)
edb_top_inst/LUT__50094|out                                                                       lut             0.000             8.018              2         (97,195)
edb_top_inst/n31243                                                                               net             0.661             8.679              2         (97,195)
   Routing elements:
      Manhattan distance of X:9, Y:0
edb_top_inst/LUT__50100|in[1]                                                                     lut             0.000             8.679              2         (88,195)
edb_top_inst/LUT__50100|out                                                                       lut             0.000             8.679              2         (88,195)
edb_top_inst/n31249                                                                               net             0.928             9.607              2         (88,195)
   Routing elements:
      Manhattan distance of X:20, Y:13
edb_top_inst/LUT__50101|in[1]                                                                     lut             0.000             9.607              2         (68,182)
edb_top_inst/LUT__50101|out                                                                       lut             0.000             9.607              2         (68,182)
edb_top_inst/la0/data_from_biu[42]~FF|D                                                           ff              0.118             9.725              2         (68,182)

Capture Clock Path
                  name                     model name   delay (ns)  cumulative delay (ns) pins on net    location
===================================================================================================================
clock_w                                      inpad        0.000             0.000                0       (338,5) 
clock_w                                      inpad        0.200             0.200                2       (338,5) 
clock_w                                      net          8.956             9.156                2       (338,5) 
   Routing elements:
      Manhattan distance of X:337, Y:313
CLKBUF__0|I                                  gbuf         4.790            13.946                2       (1,318) 
CLKBUF__0|O                                  gbuf         0.000            13.946             5050       (1,318) 
clock_w~O                                    net          0.000            13.946             5050       (1,318) 
edb_top_inst/la0/data_from_biu[42]~FF|CLK    ff           0.000            13.946             5050       (68,182)

################################################################################
Path Detail Report (clock_w vs jtag_inst1_TCK)
################################################################################


++++ Path 1 ++++++++++++++++++++++++++++++++++++++++++++++++++++++++++++++++++++

Path Begin    : edb_top_inst/la0/la_biu_inst/curr_state[3]~FF|CLK
Path End      : edb_top_inst/la0/data_out_shift_reg[2]~FF|D      
Launch Clock  : clock_w (RISE)                                   
Capture Clock : jtag_inst1_TCK (RISE)                            
Slack         : -6.891 (required time - arrival time)            
Delay         : 2.625                                            

Logic Level             : 3
Non-global nets on path : 3
Global nets on path     : 0

Launch Clock Path Delay        : 13.946
+ Clock To Q + Data Path Delay :  3.025
---------------------------------------
End-of-path arrival time       : 16.971

Constraint                     :  1.000
+ Capture Clock Path Delay     :  9.200
- Clock Uncertainty            :  0.120
---------------------------------------
End-of-path required time      : 10.080

Launch Clock Path
                      name                         model name   delay (ns)  cumulative delay (ns) pins on net    location
===========================================================================================================================
clock_w                                              inpad        0.000             0.000                0       (338,5) 
clock_w                                              inpad        0.200             0.200                2       (338,5) 
clock_w                                              net          8.956             9.156                2       (338,5) 
   Routing elements:
      Manhattan distance of X:337, Y:313
CLKBUF__0|I                                          gbuf         4.790            13.946                2       (1,318) 
CLKBUF__0|O                                          gbuf         0.000            13.946             5050       (1,318) 
clock_w~O                                            net          0.000            13.946             5050       (1,318) 
edb_top_inst/la0/la_biu_inst/curr_state[3]~FF|CLK    ff           0.000            13.946             5050       (42,194)

Data Path
                     name                        model name   delay (ns)  cumulative delay (ns) pins on net    location
=========================================================================================================================
edb_top_inst/la0/la_biu_inst/curr_state[3]~FF|Q     ff          0.282             0.282              16        (42,194)
edb_top_inst/la0/la_biu_inst/curr_state[3]          net         1.228             1.510              16        (42,194)
   Routing elements:
      Manhattan distance of X:20, Y:15
edb_top_inst/LUT__43092|in[0]                       lut         0.000             1.510              16        (62,179)
edb_top_inst/LUT__43092|out                         lut         0.000             1.510              13        (62,179)
edb_top_inst/n27199                                 net         0.944             2.454              13        (62,179)
   Routing elements:
      Manhattan distance of X:2, Y:3
edb_top_inst/LUT__43093|in[2]                       lut         0.000             2.454              13        (60,182)
edb_top_inst/LUT__43093|out                         lut         0.000             2.454               2        (60,182)
edb_top_inst/n27200                                 net         0.453             2.907               2        (60,182)
   Routing elements:
      Manhattan distance of X:0, Y:1
edb_top_inst/LUT__43095|in[3]                       lut         0.000             2.907               2        (60,181)
edb_top_inst/LUT__43095|out                         lut         0.000             2.907               2        (60,181)
edb_top_inst/la0/data_out_shift_reg[2]~FF|D         ff          0.118             3.025               2        (60,181)

Capture Clock Path
                    name                       model name   delay (ns)  cumulative delay (ns) pins on net    location
=======================================================================================================================
jtag_inst1_TCK                                   inpad        0.000             0.000                0       (0,4)   
jtag_inst1_TCK                                   inpad        0.200             0.200                2       (0,4)   
jtag_inst1_TCK                                   net          4.210             4.410                2       (0,4)   
   Routing elements:
      Manhattan distance of X:1, Y:315
CLKBUF__1|I                                      gbuf         4.790             9.200                2       (1,319) 
CLKBUF__1|O                                      gbuf         0.000             9.200             3284       (1,319) 
jtag_inst1_TCK~O                                 net          0.000             9.200             3284       (1,319) 
edb_top_inst/la0/data_out_shift_reg[2]~FF|CLK    ff           0.000             9.200             3284       (60,181)

################################################################################
Path Detail Report (jtag_inst1_TCK vs clock_w)
################################################################################


++++ Path 1 ++++++++++++++++++++++++++++++++++++++++++++++++++++++++++++++++++++

Path Begin    : edb_top_inst/la0/la_window_depth[2]~FF|CLK     
Path End      : edb_top_inst/la0/la_biu_inst/curr_state[0]~FF|D
Launch Clock  : jtag_inst1_TCK (RISE)                          
Capture Clock : clock_w (RISE)                                 
Slack         : -1.516 (required time - arrival time)          
Delay         : 6.742                                          

Logic Level             : 7
Non-global nets on path : 7
Global nets on path     : 0

Launch Clock Path Delay        :  9.200
+ Clock To Q + Data Path Delay :  7.142
---------------------------------------
End-of-path arrival time       : 16.342

Constraint                     :  1.000
+ Capture Clock Path Delay     : 13.946
- Clock Uncertainty            :  0.120
---------------------------------------
End-of-path required time      : 14.826

Launch Clock Path
                   name                     model name   delay (ns)  cumulative delay (ns) pins on net    location
====================================================================================================================
jtag_inst1_TCK                                inpad        0.000             0.000                0       (0,4)   
jtag_inst1_TCK                                inpad        0.200             0.200                2       (0,4)   
jtag_inst1_TCK                                net          4.210             4.410                2       (0,4)   
   Routing elements:
      Manhattan distance of X:1, Y:315
CLKBUF__1|I                                   gbuf         4.790             9.200                2       (1,319) 
CLKBUF__1|O                                   gbuf         0.000             9.200             3284       (1,319) 
jtag_inst1_TCK~O                              net          0.000             9.200             3284       (1,319) 
edb_top_inst/la0/la_window_depth[2]~FF|CLK    ff           0.000             9.200             3284       (30,164)

Data Path
                     name                        model name   delay (ns)  cumulative delay (ns) pins on net    location
=========================================================================================================================
edb_top_inst/la0/la_window_depth[2]~FF|Q            ff          0.282             0.282              28        (30,164)
edb_top_inst/la0/la_window_depth[2]                 net         1.508             1.790              28        (30,164)
   Routing elements:
      Manhattan distance of X:6, Y:5
edb_top_inst/LUT__49440|in[2]                       lut         0.000             1.790              28        (24,169)
edb_top_inst/LUT__49440|out                         lut         0.000             1.790               9        (24,169)
edb_top_inst/n30653                                 net         0.956             2.746               9        (24,169)
   Routing elements:
      Manhattan distance of X:2, Y:0
edb_top_inst/LUT__49469|in[2]                       lut         0.000             2.746               9        (26,169)
edb_top_inst/LUT__49469|out                         lut         0.000             2.746               2        (26,169)
edb_top_inst/n30682                                 net         0.697             3.443               2        (26,169)
   Routing elements:
      Manhattan distance of X:0, Y:3
edb_top_inst/LUT__49470|in[3]                       lut         0.000             3.443               2        (26,172)
edb_top_inst/LUT__49470|out                         lut         0.000             3.443               2        (26,172)
edb_top_inst/n30683                                 net         0.560             4.003               2        (26,172)
   Routing elements:
      Manhattan distance of X:0, Y:2
edb_top_inst/LUT__49471|in[1]                       lut         0.000             4.003               2        (26,170)
edb_top_inst/LUT__49471|out                         lut         0.000             4.003               2        (26,170)
edb_top_inst/n30684                                 net         1.583             5.586               2        (26,170)
   Routing elements:
      Manhattan distance of X:16, Y:2
edb_top_inst/LUT__49472|in[0]                       lut         0.000             5.586               2        (42,172)
edb_top_inst/LUT__49472|out                         lut         0.000             5.586               4        (42,172)
edb_top_inst/n30685                                 net         0.741             6.327               4        (42,172)
   Routing elements:
      Manhattan distance of X:0, Y:4
edb_top_inst/LUT__49484|in[2]                       lut         0.000             6.327               4        (42,176)
edb_top_inst/LUT__49484|out                         lut         0.000             6.327               3        (42,176)
edb_top_inst/n30697                                 net         0.697             7.024               3        (42,176)
   Routing elements:
      Manhattan distance of X:0, Y:3
edb_top_inst/LUT__49515|in[3]                       lut         0.000             7.024               3        (42,179)
edb_top_inst/LUT__49515|out                         lut         0.000             7.024               2        (42,179)
edb_top_inst/la0/la_biu_inst/curr_state[0]~FF|D     ff          0.118             7.142               2        (42,179)

Capture Clock Path
                      name                         model name   delay (ns)  cumulative delay (ns) pins on net    location
===========================================================================================================================
clock_w                                              inpad        0.000             0.000                0       (338,5) 
clock_w                                              inpad        0.200             0.200                2       (338,5) 
clock_w                                              net          8.956             9.156                2       (338,5) 
   Routing elements:
      Manhattan distance of X:337, Y:313
CLKBUF__0|I                                          gbuf         4.790            13.946                2       (1,318) 
CLKBUF__0|O                                          gbuf         0.000            13.946             5050       (1,318) 
clock_w~O                                            net          0.000            13.946             5050       (1,318) 
edb_top_inst/la0/la_biu_inst/curr_state[0]~FF|CLK    ff           0.000            13.946             5050       (42,179)

################################################################################
Path Detail Report (jtag_inst1_TCK vs jtag_inst1_TCK)
################################################################################


++++ Path 1 ++++++++++++++++++++++++++++++++++++++++++++++++++++++++++++++++++++

Path Begin    : edb_top_inst/la0/module_state[0]~FF|CLK                                            
Path End      : edb_top_inst/la0/GEN_PROBE[3].genblk7.GEN_REGS[5].genblk1.internal_reg_pr[14]~FF|CE
Launch Clock  : jtag_inst1_TCK (RISE)                                                              
Capture Clock : jtag_inst1_TCK (RISE)                                                              
Slack         : -7.669 (required time - arrival time)                                              
Delay         : 8.092                                                                              

Logic Level             : 7
Non-global nets on path : 8
Global nets on path     : 0

Launch Clock Path Delay        :  9.200
+ Clock To Q + Data Path Delay :  8.549
---------------------------------------
End-of-path arrival time       : 17.749

Constraint                     :  1.000
+ Capture Clock Path Delay     :  9.200
- Clock Uncertainty            :  0.120
---------------------------------------
End-of-path required time      : 10.080

Launch Clock Path
                 name                    model name   delay (ns)  cumulative delay (ns) pins on net    location
=================================================================================================================
jtag_inst1_TCK                             inpad        0.000             0.000                0       (0,4)   
jtag_inst1_TCK                             inpad        0.200             0.200                2       (0,4)   
jtag_inst1_TCK                             net          4.210             4.410                2       (0,4)   
   Routing elements:
      Manhattan distance of X:1, Y:315
CLKBUF__1|I                                gbuf         4.790             9.200                2       (1,319) 
CLKBUF__1|O                                gbuf         0.000             9.200             3284       (1,319) 
jtag_inst1_TCK~O                           net          0.000             9.200             3284       (1,319) 
edb_top_inst/la0/module_state[0]~FF|CLK    ff           0.000             9.200             3284       (82,147)

Data Path
                                       name                                          model name   delay (ns)  cumulative delay (ns) pins on net    location
=============================================================================================================================================================
edb_top_inst/la0/module_state[0]~FF|Q                                                   ff          0.282             0.282              18       (82,147) 
edb_top_inst/la0/module_state[0]                                                        net         0.603             0.885              18       (82,147) 
   Routing elements:
      Manhattan distance of X:0, Y:2
edb_top_inst/LUT__42490|in[0]                                                           lut         0.000             0.885              18       (82,149) 
edb_top_inst/LUT__42490|out                                                             lut         0.000             0.885              12       (82,149) 
edb_top_inst/n26989                                                                     net         0.661             1.546              12       (82,149) 
   Routing elements:
      Manhattan distance of X:12, Y:0
edb_top_inst/LUT__42491|in[1]                                                           lut         0.000             1.546              12       (94,149) 
edb_top_inst/LUT__42491|out                                                             lut         0.000             1.546              43       (94,149) 
edb_top_inst/n26990                                                                     net         1.177             2.723              43       (94,149) 
   Routing elements:
      Manhattan distance of X:9, Y:9
edb_top_inst/LUT__42492|in[0]                                                           lut         0.000             2.723              43       (103,158)
edb_top_inst/LUT__42492|out                                                             lut         0.000             2.723               3       (103,158)
edb_top_inst/n26991                                                                     net         0.452             3.175               3       (103,158)
   Routing elements:
      Manhattan distance of X:0, Y:1
edb_top_inst/LUT__42493|in[3]                                                           lut         0.000             3.175               3       (103,157)
edb_top_inst/LUT__42493|out                                                             lut         0.000             3.175              16       (103,157)
edb_top_inst/la0/regsel_ld_en                                                           net         0.621             3.796              16       (103,157)
   Routing elements:
      Manhattan distance of X:0, Y:1
edb_top_inst/LUT__42494|in[0]                                                           lut         0.000             3.796              16       (103,156)
edb_top_inst/LUT__42494|out                                                             lut         0.000             3.796               5       (103,156)
edb_top_inst/n26992                                                                     net         1.129             4.925               5       (103,156)
   Routing elements:
      Manhattan distance of X:40, Y:13
edb_top_inst/LUT__42585|in[1]                                                           lut         0.000             4.925               5       (143,143)
edb_top_inst/LUT__42585|out                                                             lut         0.000             4.925              38       (143,143)
edb_top_inst/n27058                                                                     net         1.870             6.795              38       (143,143)
   Routing elements:
      Manhattan distance of X:30, Y:14
edb_top_inst/LUT__42603|in[1]                                                           lut         0.000             6.795              38       (173,129)
edb_top_inst/LUT__42603|out                                                             lut         0.000             6.795              33       (173,129)
edb_top_inst/la0/n7334                                                                  net         1.579             8.374              33       (173,129)
   Routing elements:
      Manhattan distance of X:3, Y:17
edb_top_inst/la0/GEN_PROBE[3].genblk7.GEN_REGS[5].genblk1.internal_reg_pr[14]~FF|CE     ff          0.175             8.549              33       (176,112)

Capture Clock Path
                                        name                                          model name   delay (ns)  cumulative delay (ns) pins on net    location
==============================================================================================================================================================
jtag_inst1_TCK                                                                          inpad        0.000             0.000                0      (0,4)    
jtag_inst1_TCK                                                                          inpad        0.200             0.200                2      (0,4)    
jtag_inst1_TCK                                                                          net          4.210             4.410                2      (0,4)    
   Routing elements:
      Manhattan distance of X:1, Y:315
CLKBUF__1|I                                                                             gbuf         4.790             9.200                2      (1,319)  
CLKBUF__1|O                                                                             gbuf         0.000             9.200             3284      (1,319)  
jtag_inst1_TCK~O                                                                        net          0.000             9.200             3284      (1,319)  
edb_top_inst/la0/GEN_PROBE[3].genblk7.GEN_REGS[5].genblk1.internal_reg_pr[14]~FF|CLK    ff           0.000             9.200             3284      (176,112)

---------- Path Details for Max Critical Paths (end) ---------------

---------- 4. Path Details for Min Critical Paths (begin) ----------

################################################################################
Path Detail Report (jtag_inst1_TCK vs clock_w)
################################################################################


++++ Path 1 ++++++++++++++++++++++++++++++++++++++++++++++++++++++++++++++++++++

Path Begin    : edb_top_inst/la0/GEN_PROBE[60].genblk7.GEN_REGS[2].genblk1.internal_reg_pr[22]~FF|CLK  
Path End      : edb_top_inst/la0/GEN_PROBE[60].genblk7.genblk3.trigger_cu/genblk1.genblk1.exp1[22]~FF|D
Launch Clock  : jtag_inst1_TCK (RISE)                                                                  
Capture Clock : clock_w (RISE)                                                                         
Slack         : -2.066 (arrival time - required time)                                                  
Delay         : 0.226                                                                                  

Logic Level             : 1
Non-global nets on path : 1
Global nets on path     : 0

Launch Clock Path Delay        : 4.600
+ Clock To Q + Data Path Delay : 0.367
--------------------------------------
End-of-path arrival time       : 4.967

Constraint                     : 0.000
+ Capture Clock Path Delay     : 6.973
+ Clock Uncertainty            : 0.060
--------------------------------------
End-of-path required time      : 7.033

Launch Clock Path
                                        name                                           model name   delay (ns)  cumulative delay (ns) pins on net    location
===============================================================================================================================================================
jtag_inst1_TCK                                                                           inpad        0.000             0.000                0      (0,4)    
jtag_inst1_TCK                                                                           inpad        0.100             0.100                2      (0,4)    
jtag_inst1_TCK                                                                           net          2.105             2.205                2      (0,4)    
   Routing elements:
      Manhattan distance of X:1, Y:315
CLKBUF__1|I                                                                              gbuf         2.395             4.600                2      (1,319)  
CLKBUF__1|O                                                                              gbuf         0.000             4.600             3284      (1,319)  
jtag_inst1_TCK~O                                                                         net          0.000             4.600             3284      (1,319)  
edb_top_inst/la0/GEN_PROBE[60].genblk7.GEN_REGS[2].genblk1.internal_reg_pr[22]~FF|CLK    ff           0.000             4.600             3284      (124,221)

Data Path
                                         name                                            model name   delay (ns)  cumulative delay (ns) pins on net    location
=================================================================================================================================================================
edb_top_inst/la0/GEN_PROBE[60].genblk7.GEN_REGS[2].genblk1.internal_reg_pr[22]~FF|Q         ff          0.141             0.141              3        (124,221)
edb_top_inst/la0/GEN_PROBE[60].genblk7.GEN_REGS[2].genblk1.internal_reg_pr[22]              net         0.226             0.367              3        (124,221)
   Routing elements:
      Manhattan distance of X:0, Y:1
edb_top_inst/LUT__49153|in[3]                                                               lut         0.000             0.367              3        (124,220)
edb_top_inst/LUT__49153|out                                                                 lut         0.000             0.367              2        (124,220)
edb_top_inst/la0/GEN_PROBE[60].genblk7.genblk3.trigger_cu/genblk1.genblk1.exp1[22]~FF|D     ff          0.000             0.367              2        (124,220)

Capture Clock Path
                                          name                                             model name   delay (ns)  cumulative delay (ns) pins on net    location
===================================================================================================================================================================
clock_w                                                                                      inpad        0.000             0.000                0      (338,5)  
clock_w                                                                                      inpad        0.100             0.100                2      (338,5)  
clock_w                                                                                      net          4.478             4.578                2      (338,5)  
   Routing elements:
      Manhattan distance of X:337, Y:313
CLKBUF__0|I                                                                                  gbuf         2.395             6.973                2      (1,318)  
CLKBUF__0|O                                                                                  gbuf         0.000             6.973             5050      (1,318)  
clock_w~O                                                                                    net          0.000             6.973             5050      (1,318)  
edb_top_inst/la0/GEN_PROBE[60].genblk7.genblk3.trigger_cu/genblk1.genblk1.exp1[22]~FF|CLK    ff           0.000             6.973             5050      (124,220)

################################################################################
Path Detail Report (clock_w vs clock_w)
################################################################################


++++ Path 1 ++++++++++++++++++++++++++++++++++++++++++++++++++++++++++++++++++++

Path Begin    : edb_top_inst/la0/la_biu_inst/fifo_with_read_inst/din_p2[1276]~FF|CLK                             
Path End      : edb_top_inst/la0/la_biu_inst/fifo_with_read_inst/simple_dual_port_ram_inst/ram__D$ZZZZY1|WDATA[2]
Launch Clock  : clock_w (RISE)                                                                                   
Capture Clock : clock_w (RISE)                                                                                   
Slack         : 0.119 (arrival time - required time)                                                             
Delay         : 0.170                                                                                            

Logic Level             : 0
Non-global nets on path : 1
Global nets on path     : 0

Launch Clock Path Delay        : 6.973
+ Clock To Q + Data Path Delay : 0.179
--------------------------------------
End-of-path arrival time       : 7.152

Constraint                     : 0.000
+ Capture Clock Path Delay     : 6.973
+ Clock Uncertainty            : 0.060
--------------------------------------
End-of-path required time      : 7.033

Launch Clock Path
                                name                                  model name   delay (ns)  cumulative delay (ns) pins on net    location
==============================================================================================================================================
clock_w                                                                 inpad        0.000             0.000                0       (338,5)
clock_w                                                                 inpad        0.100             0.100                2       (338,5)
clock_w                                                                 net          4.478             4.578                2       (338,5)
   Routing elements:
      Manhattan distance of X:337, Y:313
CLKBUF__0|I                                                             gbuf         2.395             6.973                2       (1,318)
CLKBUF__0|O                                                             gbuf         0.000             6.973             5050       (1,318)
clock_w~O                                                               net          0.000             6.973             5050       (1,318)
edb_top_inst/la0/la_biu_inst/fifo_with_read_inst/din_p2[1276]~FF|CLK    ff           0.000             6.973             5050       (16,64)

Data Path
                                              name                                                 model name   delay (ns)  cumulative delay (ns) pins on net    location
===========================================================================================================================================================================
edb_top_inst/la0/la_biu_inst/fifo_with_read_inst/din_p2[1276]~FF|Q                                ff               0.141            0.141              2         (16,64)
edb_top_inst/la0/la_biu_inst/fifo_with_read_inst/din_p2[1276]                                     net              0.170            0.311              2         (16,64)
   Routing elements:
      Manhattan distance of X:1, Y:2
edb_top_inst/la0/la_biu_inst/fifo_with_read_inst/simple_dual_port_ram_inst/ram__D$ZZZZY1|WDATA[2] ram_4096x20     -0.132            0.179              2         (17,62)

Capture Clock Path
                                            name                                               model name   delay (ns)  cumulative delay (ns) pins on net    location
=======================================================================================================================================================================
clock_w                                                                                       inpad           0.000             0.000                0       (338,5)
clock_w                                                                                       inpad           0.100             0.100                2       (338,5)
clock_w                                                                                       net             4.478             4.578                2       (338,5)
   Routing elements:
      Manhattan distance of X:337, Y:313
CLKBUF__0|I                                                                                   gbuf            2.395             6.973                2       (1,318)
CLKBUF__0|O                                                                                   gbuf            0.000             6.973             5050       (1,318)
clock_w~O                                                                                     net             0.000             6.973             5050       (1,318)
edb_top_inst/la0/la_biu_inst/fifo_with_read_inst/simple_dual_port_ram_inst/ram__D$ZZZZY1|WCLK ram_4096x20     0.000             6.973             5050       (17,62)

################################################################################
Path Detail Report (clock_w vs jtag_inst1_TCK)
################################################################################


++++ Path 1 ++++++++++++++++++++++++++++++++++++++++++++++++++++++++++++++++++++

Path Begin    : edb_top_inst/la0/la_biu_inst/rdy_sync~FF|CLK   
Path End      : edb_top_inst/la0/la_biu_inst/rdy_sync_tff1~FF|D
Launch Clock  : clock_w (RISE)                                 
Capture Clock : jtag_inst1_TCK (RISE)                          
Slack         : 2.682 (arrival time - required time)           
Delay         : 0.228                                          

Logic Level             : 0
Non-global nets on path : 1
Global nets on path     : 0

Launch Clock Path Delay        : 6.973
+ Clock To Q + Data Path Delay : 0.369
--------------------------------------
End-of-path arrival time       : 7.342

Constraint                     : 0.000
+ Capture Clock Path Delay     : 4.600
+ Clock Uncertainty            : 0.060
--------------------------------------
End-of-path required time      : 4.660

Launch Clock Path
                    name                      model name   delay (ns)  cumulative delay (ns) pins on net    location
======================================================================================================================
clock_w                                         inpad        0.000             0.000                0       (338,5) 
clock_w                                         inpad        0.100             0.100                2       (338,5) 
clock_w                                         net          4.478             4.578                2       (338,5) 
   Routing elements:
      Manhattan distance of X:337, Y:313
CLKBUF__0|I                                     gbuf         2.395             6.973                2       (1,318) 
CLKBUF__0|O                                     gbuf         0.000             6.973             5050       (1,318) 
clock_w~O                                       net          0.000             6.973             5050       (1,318) 
edb_top_inst/la0/la_biu_inst/rdy_sync~FF|CLK    ff           0.000             6.973             5050       (16,181)

Data Path
                     name                        model name   delay (ns)  cumulative delay (ns) pins on net    location
=========================================================================================================================
edb_top_inst/la0/la_biu_inst/rdy_sync~FF|Q          ff          0.141             0.141              3         (16,181)
edb_top_inst/la0/la_biu_inst/rdy_sync               net         0.228             0.369              3         (16,181)
   Routing elements:
      Manhattan distance of X:2, Y:0
edb_top_inst/la0/la_biu_inst/rdy_sync_tff1~FF|D     ff          0.000             0.369              3         (18,181)

Capture Clock Path
                      name                         model name   delay (ns)  cumulative delay (ns) pins on net    location
===========================================================================================================================
jtag_inst1_TCK                                       inpad        0.000             0.000                0       (0,4)   
jtag_inst1_TCK                                       inpad        0.100             0.100                2       (0,4)   
jtag_inst1_TCK                                       net          2.105             2.205                2       (0,4)   
   Routing elements:
      Manhattan distance of X:1, Y:315
CLKBUF__1|I                                          gbuf         2.395             4.600                2       (1,319) 
CLKBUF__1|O                                          gbuf         0.000             4.600             3284       (1,319) 
jtag_inst1_TCK~O                                     net          0.000             4.600             3284       (1,319) 
edb_top_inst/la0/la_biu_inst/rdy_sync_tff1~FF|CLK    ff           0.000             4.600             3284       (18,181)

################################################################################
Path Detail Report (jtag_inst1_TCK vs jtag_inst1_TCK)
################################################################################


++++ Path 1 ++++++++++++++++++++++++++++++++++++++++++++++++++++++++++++++++++++

Path Begin    : edb_top_inst/edb_user_dr[68]~FF|CLK 
Path End      : edb_top_inst/edb_user_dr[67]~FF|D   
Launch Clock  : jtag_inst1_TCK (RISE)               
Capture Clock : jtag_inst1_TCK (RISE)               
Slack         : 0.307 (arrival time - required time)
Delay         : 0.226                               

Logic Level             : 0
Non-global nets on path : 1
Global nets on path     : 0

Launch Clock Path Delay        : 4.600
+ Clock To Q + Data Path Delay : 0.367
--------------------------------------
End-of-path arrival time       : 4.967

Constraint                     : 0.000
+ Capture Clock Path Delay     : 4.600
+ Clock Uncertainty            : 0.060
--------------------------------------
End-of-path required time      : 4.660

Launch Clock Path
               name                  model name   delay (ns)  cumulative delay (ns) pins on net    location
=============================================================================================================
jtag_inst1_TCK                         inpad        0.000             0.000                0      (0,4)    
jtag_inst1_TCK                         inpad        0.100             0.100                2      (0,4)    
jtag_inst1_TCK                         net          2.105             2.205                2      (0,4)    
   Routing elements:
      Manhattan distance of X:1, Y:315
CLKBUF__1|I                            gbuf         2.395             4.600                2      (1,319)  
CLKBUF__1|O                            gbuf         0.000             4.600             3284      (1,319)  
jtag_inst1_TCK~O                       net          0.000             4.600             3284      (1,319)  
edb_top_inst/edb_user_dr[68]~FF|CLK    ff           0.000             4.600             3284      (120,155)

Data Path
              name                 model name   delay (ns)  cumulative delay (ns) pins on net    location
===========================================================================================================
edb_top_inst/edb_user_dr[68]~FF|Q     ff          0.141             0.141              6        (120,155)
edb_top_inst/edb_user_dr[68]          net         0.226             0.367              6        (120,155)
   Routing elements:
      Manhattan distance of X:0, Y:1
edb_top_inst/edb_user_dr[67]~FF|D     ff          0.000             0.367              6        (120,154)

Capture Clock Path
               name                  model name   delay (ns)  cumulative delay (ns) pins on net    location
=============================================================================================================
jtag_inst1_TCK                         inpad        0.000             0.000                0      (0,4)    
jtag_inst1_TCK                         inpad        0.100             0.100                2      (0,4)    
jtag_inst1_TCK                         net          2.105             2.205                2      (0,4)    
   Routing elements:
      Manhattan distance of X:1, Y:315
CLKBUF__1|I                            gbuf         2.395             4.600                2      (1,319)  
CLKBUF__1|O                            gbuf         0.000             4.600             3284      (1,319)  
jtag_inst1_TCK~O                       net          0.000             4.600             3284      (1,319)  
edb_top_inst/edb_user_dr[67]~FF|CLK    ff           0.000             4.600             3284      (120,154)

---------- Path Details for Min Critical Paths (end) ---------------

